{"logTime": "0928/195038", "correlationVector":"7RiZ/I5R0NjX/nJFXZdY2W.1","action":"SyncServerConnectionManagerRequest", "result":"SYNC_SERVER_OK", "context":{"environment":"Prod_brazilsouth_prod-s01-001-sam-brazilsouth", "migrationStage":"NotStarted", "server":"akswtt21700000l"}}
{"logTime": "0928/195038", "correlationVector":"7RiZ/I5R0NjX/nJFXZdY2W.2","action":"ProcessGetUpdates", "result":"Done", "context":{"dataType":"Encryption Keys", "deleted":"0", "process_failed_to_decrypt":"0", "process_pending_decryption":"0", "process_success":"1", "total":"1"}}
{"logTime": "0928/195038", "correlationVector":"ABl65Ynd9bztbhBaN4zSMu","action":"SyncServerConnectionManagerRequest", "result":"SYNC_SERVER_OK", "context":{"environment":"", "migrationStage":"", "server":""}}
{"logTime": "0928/195038", "correlationVector":"ABl65Ynd9bztbhBaN4zSMu.0","action":"EncryptionKeysFetcher.DownloadKeys:", "result":"Success", "context":Key count: 2, Last key timestamp: 2025-09-28T15:56:14Z}
{"logTime": "0928/195038", "correlationVector":"ABl65Ynd9bztbhBaN4zSMu.1","action":"EncryptionKeysManager::SetEncryptionKeys:", "result":"Success", "context":Key names[2]:[G3qzULjm18H5Qlh0UUdXCssP+ck8ZP6sr2SKRpQWtTU4EaqCj3hnj3wznsdgE5cDo+TThDzcs2SIgX8ntL1zjA==][U4xa2XQnW2UY0EDfvkneA7+/ATRD6eqV7Zvo/Dx4eawzLiagNSpYkdZbg8uUtG58XeSPE/yBFnI4C4QWkJpsZg==]}
{"logTime": "0928/195038", "correlationVector":"ABl65Ynd9bztbhBaN4zSMu.2","action":"EncryptionKeysManager::SetEncryptionKeysWithTimestamps:", "result":"Success", "context":Key timestamps[2]:[2024-06-25T18:18:39Z][2025-09-28T15:56:14Z]}
{"logTime": "0928/195038", "correlationVector":"7RiZ/I5R0NjX/nJFXZdY2W","action":"Initial GetUpdates", "result":"", "context":Reason: NEW_CLIENT. cV=7RiZ/I5R0NjX/nJFXZdY2W}
{"logTime": "0928/195038", "correlationVector":"7RiZ/I5R0NjX/nJFXZdY2W.3","action":"GetUpdates Response", "result":"Success", "context":Received 1 update(s). cV=7RiZ/I5R0NjX/nJFXZdY2W.0;server=akswtt21700000l;cloudType=Consumer;environment=Prod_brazilsouth_prod-s01-001-sam-brazilsouth;migrationStage=NotStarted}
{"logTime": "0928/195038", "correlationVector":"n3yRLSKsWO8xO+FUP8ErIA","action":"Initial GetUpdates", "result":"", "context":Reason: NEWLY_SUPPORTED_DATATYPE. cV=n3yRLSKsWO8xO+FUP8ErIA}
{"logTime": "0928/195038", "correlationVector":"n3yRLSKsWO8xO+FUP8ErIA.1","action":"SyncServerConnectionManagerRequest", "result":"SYNC_SERVER_OK", "context":{"environment":"Prod_brazilsouth_prod-s01-001-sam-brazilsouth", "migrationStage":"NotStarted", "server":"akswtt21700001a"}}
{"logTime": "0928/195038", "correlationVector":"n3yRLSKsWO8xO+FUP8ErIA.2","action":"ProcessGetUpdates", "result":"Done", "context":{"dataType":"Preferences", "deleted":"0", "process_failed_to_decrypt":"0", "process_pending_decryption":"0", "process_success":"22", "total":"22"}}
{"logTime": "0928/195038", "correlationVector":"n3yRLSKsWO8xO+FUP8ErIA.3","action":"ProcessGetUpdates", "result":"Done", "context":{"dataType":"Device Info", "deleted":"0", "process_failed_to_decrypt":"0", "process_pending_decryption":"0", "process_success":"3", "total":"3"}}
{"logTime": "0928/195038", "correlationVector":"n3yRLSKsWO8xO+FUP8ErIA.4","action":"GetUpdates Response", "result":"Success", "context":Received 25 update(s). cV=n3yRLSKsWO8xO+FUP8ErIA.0;server=akswtt21700001a;cloudType=Consumer;environment=Prod_brazilsouth_prod-s01-001-sam-brazilsouth;migrationStage=NotStarted}
{"logTime": "0928/195039", "correlationVector":"c9nhVXnC4IAZ8XGIKwCot/","action":"Initial GetUpdates", "result":"", "context":Reason: NEWLY_SUPPORTED_DATATYPE. cV=c9nhVXnC4IAZ8XGIKwCot/}
{"logTime": "0928/195039", "correlationVector":"c9nhVXnC4IAZ8XGIKwCot/.1","action":"SyncServerConnectionManagerRequest", "result":"SYNC_SERVER_OK", "context":{"environment":"Prod_brazilsouth_prod-s01-001-sam-brazilsouth", "migrationStage":"NotStarted", "server":"akswtt217000001"}}
{"logTime": "0928/195039", "correlationVector":"c9nhVXnC4IAZ8XGIKwCot/.2","action":"ProcessGetUpdates", "result":"Done", "context":{"dataType":"Bookmarks", "deleted":"0", "process_failed_to_decrypt":"0", "process_pending_decryption":"0", "process_success":"6", "total":"6"}}
{"logTime": "0928/195039", "correlationVector":"c9nhVXnC4IAZ8XGIKwCot/.3","action":"GetUpdates Response", "result":"Success", "context":Received 6 update(s). cV=c9nhVXnC4IAZ8XGIKwCot/.0;server=akswtt217000001;cloudType=Consumer;environment=Prod_brazilsouth_prod-s01-001-sam-brazilsouth;migrationStage=NotStarted}
{"logTime": "0928/195041", "correlationVector":"7ZaRd8ePWQsjMhQabUEtoe","action":"Initial GetUpdates", "result":"", "context":Reason: NEWLY_SUPPORTED_DATATYPE. cV=7ZaRd8ePWQsjMhQabUEtoe}
{"logTime": "0928/195041", "correlationVector":"7ZaRd8ePWQsjMhQabUEtoe.1","action":"SyncServerConnectionManagerRequest", "result":"SYNC_SERVER_OK", "context":{"environment":"Prod_brazilsouth_prod-s01-001-sam-brazilsouth", "migrationStage":"NotStarted", "server":"akswtt21700000s"}}
{"logTime": "0928/195041", "correlationVector":"7ZaRd8ePWQsjMhQabUEtoe.2","action":"ProcessGetUpdates", "result":"Done", "context":{"dataType":"Autofill", "deleted":"0", "process_failed_to_decrypt":"0", "process_pending_decryption":"0", "process_success":"1", "total":"1"}}
{"logTime": "0928/195041", "correlationVector":"7ZaRd8ePWQsjMhQabUEtoe.3","action":"ProcessGetUpdates", "result":"Done", "context":{"dataType":"Sessions", "deleted":"1", "process_failed_to_decrypt":"0", "process_pending_decryption":"0", "process_success":"5", "total":"5"}}
{"logTime": "0928/195041", "correlationVector":"7ZaRd8ePWQsjMhQabUEtoe.4","action":"ProcessGetUpdates", "result":"Done", "context":{"dataType":"Edge Hub App Usage", "deleted":"0", "process_failed_to_decrypt":"0", "process_pending_decryption":"0", "process_success":"1", "total":"1"}}
{"logTime": "0928/195041", "correlationVector":"7ZaRd8ePWQsjMhQabUEtoe.5","action":"GetUpdates Response", "result":"Success", "context":Received 7 update(s). cV=7ZaRd8ePWQsjMhQabUEtoe.0;server=akswtt21700000s;cloudType=Consumer;environment=Prod_brazilsouth_prod-s01-001-sam-brazilsouth;migrationStage=NotStarted}
{"logTime": "0928/195041", "correlationVector":"AKSbz+OyRW/kQGN9w4DwZJ","action":"Initial GetUpdates", "result":"", "context":Reason: NEWLY_SUPPORTED_DATATYPE. cV=AKSbz+OyRW/kQGN9w4DwZJ}
{"logTime": "0928/195041", "correlationVector":"AKSbz+OyRW/kQGN9w4DwZJ.1","action":"SyncServerConnectionManagerRequest", "result":"SYNC_SERVER_OK", "context":{"environment":"Prod_brazilsouth_prod-s01-001-sam-brazilsouth", "migrationStage":"NotStarted", "server":"akswtt21700000s"}}
{"logTime": "0928/195041", "correlationVector":"AKSbz+OyRW/kQGN9w4DwZJ.2","action":"ProcessGetUpdates", "result":"Done", "context":{"dataType":"History", "deleted":"0", "process_failed_to_decrypt":"0", "process_pending_decryption":"0", "process_success":"21", "total":"21"}}
{"logTime": "0928/195041", "correlationVector":"AKSbz+OyRW/kQGN9w4DwZJ.3","action":"GetUpdates Response", "result":"Success", "context":Received 21 update(s). cV=AKSbz+OyRW/kQGN9w4DwZJ.0;server=akswtt21700000s;cloudType=Consumer;environment=Prod_brazilsouth_prod-s01-001-sam-brazilsouth;migrationStage=NotStarted}
{"logTime": "0928/195041", "correlationVector":"+IjoFC0fDvgncrFwOvcdWl","action":"Normal GetUpdate request", "result":"", "context":cV=+IjoFC0fDvgncrFwOvcdWl
Nudged types: Sessions, Device Info, User Consents
Refresh requested types: Bookmarks, Preferences, Passwords, Autofill Profiles, Autofill, Extensions, Sessions, Extension settings, History Delete Directives, Device Info, User Consents, Send Tab To Self, Web Apps, History, Saved Tab Group, WebAuthn Credentials, Collection, Edge E Drop, Edge Hub App Usage, Edge Wallet, Encryption Keys}
{"logTime": "0928/195042", "correlationVector":"+IjoFC0fDvgncrFwOvcdWl.1","action":"SyncServerConnectionManagerRequest", "result":"SYNC_SERVER_OK", "context":{"environment":"Prod_brazilsouth_prod-s01-001-sam-brazilsouth", "migrationStage":"NotStarted", "server":"akswtt21700000k"}}
{"logTime": "0928/195042", "correlationVector":"+IjoFC0fDvgncrFwOvcdWl.2","action":"GetUpdates Response", "result":"Success", "context":Received 0 update(s). cV=+IjoFC0fDvgncrFwOvcdWl.0;server=akswtt21700000k;cloudType=Consumer;environment=Prod_brazilsouth_prod-s01-001-sam-brazilsouth;migrationStage=NotStarted}
{"logTime": "0928/195042", "correlationVector":"ovVqF/Q4mW6haTtzohrfVf","action":"DoCompareDataConsistency requsted types: ", "result":"Bookmarks, Preferences, Passwords, Extensions, Extension settings, History Delete Directives, Send Tab To Self, Web Apps, History, Saved Tab Group, WebAuthn Credentials, Collection, Edge E Drop, Edge Wallet, Encryption Keys"}
{"logTime": "0928/195042", "correlationVector":"ovVqF/Q4mW6haTtzohrfVf.0","action":"CompareDataConsistency result: ", "result":"Compare result: Encryption Keys is consistent. local entities count is: 1 local entities hash is: GC/PvKShHU4dYd30Z/dHOb+u8Z8="}
{"logTime": "0928/195042", "correlationVector":"ovVqF/Q4mW6haTtzohrfVf.1","action":"CompareDataConsistency result: ", "result":"Compare result: Bookmarks is consistent. local entities count is: 0 local entities hash is: "}
{"logTime": "0928/195042", "correlationVector":"ovVqF/Q4mW6haTtzohrfVf.2","action":"CompareDataConsistency result: ", "result":"Compare result: Preferences is consistent. local entities count is: 22 local entities hash is: CETm6uD9x7KoLhWE4uG94OXiIYM="}
{"logTime": "0928/195042", "correlationVector":"ovVqF/Q4mW6haTtzohrfVf.3","action":"CompareDataConsistency result: ", "result":"Compare result: Extensions is consistent. local entities count is: 0 local entities hash is: "}
{"logTime": "0928/195042", "correlationVector":"ovVqF/Q4mW6haTtzohrfVf.4","action":"CompareDataConsistency result: ", "result":"Compare result: Extension settings is consistent. local entities count is: 0 local entities hash is: "}
{"logTime": "0928/195042", "correlationVector":"ovVqF/Q4mW6haTtzohrfVf.5","action":"CompareDataConsistency result: ", "result":"Compare result: History Delete Directives is consistent. local entities count is: 0 local entities hash is: "}
{"logTime": "0928/195042", "correlationVector":"ovVqF/Q4mW6haTtzohrfVf.6","action":"CompareDataConsistency result: ", "result":"Server did not send this Send Tab To Self local entities count is: 0 local entities hash is: "}
{"logTime": "0928/195042", "correlationVector":"ovVqF/Q4mW6haTtzohrfVf.7","action":"CompareDataConsistency result: ", "result":"Compare result: Web Apps is consistent. local entities count is: 0 local entities hash is: "}
{"logTime": "0928/195042", "correlationVector":"ovVqF/Q4mW6haTtzohrfVf.8","action":"CompareDataConsistency result: ", "result":"Server did not send this History local entities count is: 0 local entities hash is: "}
{"logTime": "0928/195042", "correlationVector":"ovVqF/Q4mW6haTtzohrfVf.9","action":"CompareDataConsistency result: ", "result":"Compare result: Saved Tab Group is consistent. local entities count is: 0 local entities hash is: "}
{"logTime": "0928/195042", "correlationVector":"ovVqF/Q4mW6haTtzohrfVf.10","action":"CompareDataConsistency result: ", "result":"Server did not send this WebAuthn Credentials local entities count is: 0 local entities hash is: "}
{"logTime": "0928/195042", "correlationVector":"ovVqF/Q4mW6haTtzohrfVf.11","action":"CompareDataConsistency result: ", "result":"Compare result: Collection is consistent. local entities count is: 0 local entities hash is: "}
{"logTime": "0928/195042", "correlationVector":"ovVqF/Q4mW6haTtzohrfVf.12","action":"CompareDataConsistency result: ", "result":"Compare result: Edge E Drop is consistent. local entities count is: 0 local entities hash is: "}
{"logTime": "0928/195042", "correlationVector":"ovVqF/Q4mW6haTtzohrfVf.13","action":"CompareDataConsistency result: ", "result":"Compare result: Edge Wallet is consistent. local entities count is: 0 local entities hash is: "}
{"logTime": "0928/195042", "correlationVector":"ovVqF/Q4mW6haTtzohrfVf.14","action":"CompareDataConsistency result: ", "result":"Compare result: Passwords is consistent. local entities count is: 0 local entities hash is: "}
{"logTime": "0928/195042", "correlationVector":"WJoRF/Or6RuOb0yTPb9ErS","action":"Commit Request", "result":"", "context":Item count: 5
Contributing types: Sessions, Device Info, User Consents}
{"logTime": "0928/195043", "correlationVector":"WJoRF/Or6RuOb0yTPb9ErS.1","action":"SyncServerConnectionManagerRequest", "result":"SYNC_SERVER_OK", "context":{"environment":"Prod_brazilsouth_prod-s01-001-sam-brazilsouth", "migrationStage":"NotStarted", "server":"akswtt21700000l"}}
{"logTime": "0928/195043", "correlationVector":"WJoRF/Or6RuOb0yTPb9ErS.2","action":"Commit Response", "result":"Success", "context":Result: Success. cV=WJoRF/Or6RuOb0yTPb9ErS.0;server=akswtt21700000l;cloudType=Consumer;environment=Prod_brazilsouth_prod-s01-001-sam-brazilsouth;migrationStage=NotStarted}
{"logTime": "0928/195043", "correlationVector":"","action":"DIAGNOSTIC_REQUEST|v1/diagnosticData/Diagnostic.SendCheckResult()|SUCCESS", "result":""}
{"logTime": "0928/195056", "correlationVector":"WEf5huzeljECbNkXGECMxD","action":"Commit Request", "result":"", "context":Item count: 5
Contributing types: Sessions, History, Edge Hub App Usage}
{"logTime": "0928/195056", "correlationVector":"WEf5huzeljECbNkXGECMxD.1","action":"SyncServerConnectionManagerRequest", "result":"SYNC_SERVER_OK", "context":{"environment":"Prod_brazilsouth_prod-s01-001-sam-brazilsouth", "migrationStage":"NotStarted", "server":"akswtt21700000s"}}
{"logTime": "0928/195056", "correlationVector":"WEf5huzeljECbNkXGECMxD.2","action":"Commit Response", "result":"Success", "context":Result: Success. cV=WEf5huzeljECbNkXGECMxD.0;server=akswtt21700000s;cloudType=Consumer;environment=Prod_brazilsouth_prod-s01-001-sam-brazilsouth;migrationStage=NotStarted}
{"logTime": "0928/195234", "correlationVector":"Ino2pyRgK99W3rcbd5CRNY.1","action":"SyncServerConnectionManagerRequest", "result":"SYNC_SERVER_OK", "context":{"environment":"Prod_brazilsouth_prod-s01-001-sam-brazilsouth", "migrationStage":"NotStarted", "server":"akswtt217000010"}}
{"logTime": "0928/195237", "correlationVector":"Ino2pyRgK99W3rcbd5CRNY.2","action":"ProcessGetUpdates", "result":"Done", "context":{"dataType":"Encryption Keys", "deleted":"0", "process_failed_to_decrypt":"0", "process_pending_decryption":"0", "process_success":"1", "total":"1"}}
{"logTime": "0928/195237", "correlationVector":"4DJm5KNzwJc01cL/k0hbrk","action":"SyncServerConnectionManagerRequest", "result":"SYNC_SERVER_OK", "context":{"environment":"", "migrationStage":"", "server":""}}
{"logTime": "0928/195237", "correlationVector":"4DJm5KNzwJc01cL/k0hbrk.0","action":"EncryptionKeysFetcher.DownloadKeys:", "result":"Success", "context":Key count: 2, Last key timestamp: 2025-09-28T15:56:14Z}
{"logTime": "0928/195237", "correlationVector":"4DJm5KNzwJc01cL/k0hbrk.1","action":"EncryptionKeysManager::SetEncryptionKeys:", "result":"Success", "context":Key names[2]:[G3qzULjm18H5Qlh0UUdXCssP+ck8ZP6sr2SKRpQWtTU4EaqCj3hnj3wznsdgE5cDo+TThDzcs2SIgX8ntL1zjA==][U4xa2XQnW2UY0EDfvkneA7+/ATRD6eqV7Zvo/Dx4eawzLiagNSpYkdZbg8uUtG58XeSPE/yBFnI4C4QWkJpsZg==]}
{"logTime": "0928/195237", "correlationVector":"4DJm5KNzwJc01cL/k0hbrk.2","action":"EncryptionKeysManager::SetEncryptionKeysWithTimestamps:", "result":"Success", "context":Key timestamps[2]:[2024-06-25T18:18:39Z][2025-09-28T15:56:14Z]}
{"logTime": "0928/195237", "correlationVector":"Ino2pyRgK99W3rcbd5CRNY","action":"Initial GetUpdates", "result":"", "context":Reason: NEW_CLIENT. cV=Ino2pyRgK99W3rcbd5CRNY}
{"logTime": "0928/195237", "correlationVector":"Ino2pyRgK99W3rcbd5CRNY.3","action":"GetUpdates Response", "result":"Success", "context":Received 1 update(s). cV=Ino2pyRgK99W3rcbd5CRNY.0;server=akswtt217000010;cloudType=Consumer;environment=Prod_brazilsouth_prod-s01-001-sam-brazilsouth;migrationStage=NotStarted}
{"logTime": "0928/195237", "correlationVector":"LjKGrisCEGeASDDsZWSTWO","action":"Normal GetUpdate request", "result":"", "context":cV=LjKGrisCEGeASDDsZWSTWO
Nudged types: Sessions, History
Refresh requested types: Bookmarks, Preferences, Passwords, Autofill Profiles, Autofill, Extensions, Sessions, Extension settings, History Delete Directives, Device Info, User Consents, Send Tab To Self, Web Apps, History, Saved Tab Group, WebAuthn Credentials, Collection, Edge E Drop, Edge Hub App Usage, Edge Wallet, Encryption Keys}
{"logTime": "0928/195237", "correlationVector":"LjKGrisCEGeASDDsZWSTWO.1","action":"SyncServerConnectionManagerRequest", "result":"SYNC_SERVER_OK", "context":{"environment":"Prod_brazilsouth_prod-s01-001-sam-brazilsouth", "migrationStage":"NotStarted", "server":"akswtt21700001p"}}
{"logTime": "0928/195237", "correlationVector":"LjKGrisCEGeASDDsZWSTWO.2","action":"ProcessGetUpdates", "result":"Done", "context":{"dataType":"Sessions", "deleted":"0", "process_failed_to_decrypt":"0", "process_pending_decryption":"0", "process_success":"2", "total":"2"}}
{"logTime": "0928/195237", "correlationVector":"LjKGrisCEGeASDDsZWSTWO.3","action":"ProcessGetUpdates", "result":"Done", "context":{"dataType":"Device Info", "deleted":"0", "process_failed_to_decrypt":"0", "process_pending_decryption":"0", "process_success":"1", "total":"1"}}
{"logTime": "0928/195237", "correlationVector":"LjKGrisCEGeASDDsZWSTWO.4","action":"ProcessGetUpdates", "result":"Done", "context":{"dataType":"History", "deleted":"0", "process_failed_to_decrypt":"0", "process_pending_decryption":"0", "process_success":"3", "total":"3"}}
{"logTime": "0928/195237", "correlationVector":"LjKGrisCEGeASDDsZWSTWO.5","action":"ProcessGetUpdates", "result":"Done", "context":{"dataType":"Edge Hub App Usage", "deleted":"0", "process_failed_to_decrypt":"0", "process_pending_decryption":"0", "process_success":"1", "total":"1"}}
{"logTime": "0928/195237", "correlationVector":"LjKGrisCEGeASDDsZWSTWO.6","action":"GetUpdates Response", "result":"Success", "context":Received 7 update(s). cV=LjKGrisCEGeASDDsZWSTWO.0;server=akswtt21700001p;cloudType=Consumer;environment=Prod_brazilsouth_prod-s01-001-sam-brazilsouth;migrationStage=NotStarted}
{"logTime": "0928/195237", "correlationVector":"A1CrkYIzOcBKj+YDgR/EKq","action":"Commit Request", "result":"", "context":Item count: 5
Contributing types: Sessions, History}
{"logTime": "0928/195238", "correlationVector":"A1CrkYIzOcBKj+YDgR/EKq.1","action":"SyncServerConnectionManagerRequest", "result":"SYNC_SERVER_OK", "context":{"environment":"Prod_brazilsouth_prod-s01-001-sam-brazilsouth", "migrationStage":"NotStarted", "server":"akswtt217000010"}}
{"logTime": "0928/195238", "correlationVector":"A1CrkYIzOcBKj+YDgR/EKq.2","action":"Commit Response", "result":"Success", "context":Result: Success. cV=A1CrkYIzOcBKj+YDgR/EKq.0;server=akswtt217000010;cloudType=Consumer;environment=Prod_brazilsouth_prod-s01-001-sam-brazilsouth;migrationStage=NotStarted}
{"logTime": "0928/195338", "correlationVector":"N14vqWJYvixv2LddVdD6Da","action":"Commit Request", "result":"", "context":Item count: 6
Contributing types: Sessions, History}
{"logTime": "0928/195339", "correlationVector":"N14vqWJYvixv2LddVdD6Da.1","action":"SyncServerConnectionManagerRequest", "result":"SYNC_SERVER_OK", "context":{"environment":"Prod_brazilsouth_prod-s01-034-sam-brazilsouth", "migrationStage":"NotStarted", "server":"akswtt01300001a"}}
{"logTime": "0928/195339", "correlationVector":"N14vqWJYvixv2LddVdD6Da.2","action":"Commit Response", "result":"Success", "context":Result: Success. cV=N14vqWJYvixv2LddVdD6Da.0;server=akswtt01300001a;cloudType=Consumer;environment=Prod_brazilsouth_prod-s01-034-sam-brazilsouth;migrationStage=NotStarted}
{"logTime": "0928/195339", "correlationVector":"N14vqWJYvixv2LddVdD6Da.3","action":"Commit.Sessions", "result":"Success", "context":{"id":"a74811b5-60c2-4cd4-8a2a-05d58b44c890", "isDeleted":"true", "size":"0", "version":"1759089158279"}}
{"logTime": "0928/195459", "correlationVector":"mc1Q/8IJdgDfQmQLFfo+EW","action":"Commit Request", "result":"", "context":Item count: 8
Contributing types: Sessions, History}
{"logTime": "0928/195500", "correlationVector":"mc1Q/8IJdgDfQmQLFfo+EW.1","action":"SyncServerConnectionManagerRequest", "result":"SYNC_SERVER_OK", "context":{"environment":"Prod_brazilsouth_prod-s01-001-sam-brazilsouth", "migrationStage":"NotStarted", "server":"akswtt21700001m"}}
{"logTime": "0928/195500", "correlationVector":"mc1Q/8IJdgDfQmQLFfo+EW.2","action":"Commit Response", "result":"Success", "context":Result: Success. cV=mc1Q/8IJdgDfQmQLFfo+EW.0;server=akswtt21700001m;cloudType=Consumer;environment=Prod_brazilsouth_prod-s01-001-sam-brazilsouth;migrationStage=NotStarted}
{"logTime": "0928/195656", "correlationVector":"MCMNgf26sURwG+Gcti/+wg","action":"Commit Request", "result":"", "context":Item count: 12
Contributing types: Sessions, History}
{"logTime": "0928/195657", "correlationVector":"MCMNgf26sURwG+Gcti/+wg.1","action":"SyncServerConnectionManagerRequest", "result":"SYNC_SERVER_OK", "context":{"environment":"Prod_brazilsouth_prod-s01-001-sam-brazilsouth", "migrationStage":"NotStarted", "server":"akswtt21700001z"}}
{"logTime": "0928/195657", "correlationVector":"MCMNgf26sURwG+Gcti/+wg.2","action":"Commit Response", "result":"Success", "context":Result: Success. cV=MCMNgf26sURwG+Gcti/+wg.0;server=akswtt21700001z;cloudType=Consumer;environment=Prod_brazilsouth_prod-s01-001-sam-brazilsouth;migrationStage=NotStarted}
