2025-09-28 19:50:21.218: [INFO][Sync] Reset engine, reason: 8
2025-09-28 19:50:21.219: [INFO][Sync] Stopped: Bookmarks
2025-09-28 19:50:21.219: [INFO][Sync] Stopped: Preferences
2025-09-28 19:50:21.220: [INFO][Sync] Stopped: Passwords
2025-09-28 19:50:21.220: [INFO][Sync] Stopped: Autofill Profiles
2025-09-28 19:50:21.220: [INFO][Sync] Stopped: Autofill
2025-09-28 19:50:21.220: [INFO][Sync] Stopped: Extensions
2025-09-28 19:50:21.220: [INFO][Sync] Stopped: Sessions
2025-09-28 19:50:21.220: [INFO][Sync] Stopped: Extension settings
2025-09-28 19:50:21.220: [INFO][Sync] Stopped: History Delete Directives
2025-09-28 19:50:21.220: [INFO][Sync] Stopped: Device Info
2025-09-28 19:50:21.220: [INFO][Sync] Stopped: User Consents
2025-09-28 19:50:21.220: [INFO][Sync] Stopped: Send Tab To Self
2025-09-28 19:50:21.220: [INFO][Sync] Stopped: Web Apps
2025-09-28 19:50:21.220: [INFO][Sync] Stopped: History
2025-09-28 19:50:21.220: [INFO][Sync] Stopped: Saved Tab Group
2025-09-28 19:50:21.220: [INFO][Sync] Stopped: WebAuthn Credentials
2025-09-28 19:50:21.220: [INFO][Sync] Stopped: Collection
2025-09-28 19:50:21.220: [INFO][Sync] Stopped: Edge E Drop
2025-09-28 19:50:21.220: [INFO][Sync] Stopped: Edge Hub App Usage
2025-09-28 19:50:21.220: [INFO][Sync] Stopped: Edge Wallet
2025-09-28 19:50:21.222: [INFO][Sync] SyncState after authenticated was: NotSignedIn
2025-09-28 19:50:22.531: [INFO][Sync] Reset engine, reason: 8
2025-09-28 19:50:22.531: [INFO][Sync] Stopped: Bookmarks
2025-09-28 19:50:22.531: [INFO][Sync] Stopped: Preferences
2025-09-28 19:50:22.531: [INFO][Sync] Stopped: Passwords
2025-09-28 19:50:22.531: [INFO][Sync] Stopped: Autofill Profiles
2025-09-28 19:50:22.531: [INFO][Sync] Stopped: Autofill
2025-09-28 19:50:22.531: [INFO][Sync] Stopped: Extensions
2025-09-28 19:50:22.531: [INFO][Sync] Stopped: Sessions
2025-09-28 19:50:22.531: [INFO][Sync] Stopped: Extension settings
2025-09-28 19:50:22.531: [INFO][Sync] Stopped: History Delete Directives
2025-09-28 19:50:22.531: [INFO][Sync] Stopped: Device Info
2025-09-28 19:50:22.531: [INFO][Sync] Stopped: User Consents
2025-09-28 19:50:22.531: [INFO][Sync] Stopped: Send Tab To Self
2025-09-28 19:50:22.531: [INFO][Sync] Stopped: Web Apps
2025-09-28 19:50:22.531: [INFO][Sync] Stopped: History
2025-09-28 19:50:22.531: [INFO][Sync] Stopped: Saved Tab Group
2025-09-28 19:50:22.531: [INFO][Sync] Stopped: WebAuthn Credentials
2025-09-28 19:50:22.531: [INFO][Sync] Stopped: Collection
2025-09-28 19:50:22.531: [INFO][Sync] Stopped: Edge E Drop
2025-09-28 19:50:22.531: [INFO][Sync] Stopped: Edge Hub App Usage
2025-09-28 19:50:22.531: [INFO][Sync] Stopped: Edge Wallet
2025-09-28 19:50:35.552: [INFO][Sync] Try to start sync engine
2025-09-28 19:50:35.585: [INFO][SyncManagerImpl::NudgeForInitialDownload] Initial download nudge for Encryption Keys
2025-09-28 19:50:35.585: [INFO][SyncEngineBackend::LoadAndConnectNigoriController] Load and connect Nigori controller
2025-09-28 19:50:35.585: [INFO][SyncEngineBackend::DoInitialize] Control Types added: Encryption Keys
2025-09-28 19:50:35.585: [INFO][SyncManagerImpl::ConfigureSyncer] Types to download: Encryption Keys with reason: 3
2025-09-28 19:50:35.586: [INFO][SyncSchedulerImpl::DoConfigurationSyncCycleJob] Configure job was blocked
2025-09-28 19:50:35.651: [INFO][SyncAuthManager::SetLastAuthError] Current auth error: None
2025-09-28 19:50:35.651: [INFO][SyncAuthManager::EdgeLogTokenErrorState] Token error with: None for account type: MSA
2025-09-28 19:50:35.651: [INFO][Sync] Credentials changed for: EdgeSyncScopeNew
2025-09-28 19:50:37.767: [INFO][SyncAuthManager::SetLastAuthError] Current auth error: None
2025-09-28 19:50:37.767: [INFO][SyncAuthManager::EdgeLogTokenErrorState] Token error with: None for account type: MSA
2025-09-28 19:50:37.767: [INFO][Sync] Credentials changed for: EdgeSyncKeyDataScope
2025-09-28 19:50:37.768: [INFO][SyncEngineBackend::DoUpdateKeyDataCredentials] Update key data credentials
2025-09-28 19:50:37.768: [INFO][SyncEngineBackend::DoUpdateCredentials] Update credentials
2025-09-28 19:50:37.770: [INFO][SyncSchedulerImpl::DoConfigurationSyncCycleJob] Blocked types:  and types to download: Encryption Keys
2025-09-28 19:50:38.093: [INFO][Sync] Started DataTypeManager configuration, reason: 4
2025-09-28 19:50:38.094: [INFO][Sync] Configuring for: Bookmarks, Preferences, Passwords, Autofill Profiles, Autofill, Extensions, Sessions, Extension settings, History Delete Directives, Device Info, User Consents, Send Tab To Self, Web Apps, History, Saved Tab Group, WebAuthn Credentials, Collection, Edge E Drop, Edge Hub App Usage, Edge Wallet, Encryption Keys, reason: 3, current state: 0
2025-09-28 19:50:38.094: [WARN][Sync] Crypto error data types: Passwords, Autofill Profiles, Autofill
2025-09-28 19:50:38.097: [INFO][Sync] Configure, desired: Bookmarks, Preferences, Extensions, Sessions, Extension settings, History Delete Directives, Device Info, User Consents, Send Tab To Self, Web Apps, History, Saved Tab Group, WebAuthn Credentials, Collection, Edge E Drop, Edge Hub App Usage, Edge Wallet, Encryption Keys; Allow fail: Passwords, Autofill Profiles, Autofill
2025-09-28 19:50:38.098: [INFO][Sync] Loading: Bookmarks
2025-09-28 19:50:38.098: [INFO][Sync] Loading: Preferences
2025-09-28 19:50:38.098: [INFO][Sync] Loading: Extensions
2025-09-28 19:50:38.098: [INFO][Sync] Loading: Sessions
2025-09-28 19:50:38.099: [INFO][Sync] Loading: Extension settings
2025-09-28 19:50:38.099: [INFO][Sync] Loading: History Delete Directives
2025-09-28 19:50:38.099: [INFO][Sync] Loading: Device Info
2025-09-28 19:50:38.100: [INFO][Sync] Loading: User Consents
2025-09-28 19:50:38.100: [INFO][Sync] Loading: Send Tab To Self
2025-09-28 19:50:38.100: [INFO][Sync] Loading: Web Apps
2025-09-28 19:50:38.100: [INFO][Sync] Loading: History
2025-09-28 19:50:38.101: [INFO][Sync] Loading: Saved Tab Group
2025-09-28 19:50:38.101: [INFO][Sync] Loading: WebAuthn Credentials
2025-09-28 19:50:38.101: [INFO][Sync] Loading: Collection
2025-09-28 19:50:38.101: [INFO][Sync] Loading: Edge E Drop
2025-09-28 19:50:38.101: [INFO][Sync] Loading: Edge Hub App Usage
2025-09-28 19:50:38.101: [INFO][Sync] Loading: Edge Wallet
2025-09-28 19:50:38.112: [INFO][Sync] All data types are ready for configure.
2025-09-28 19:50:38.388: [INFO][Sync] Started DataTypeManager configuration, reason: 5
2025-09-28 19:50:38.389: [INFO][Sync] Configuring for: Bookmarks, Preferences, Passwords, Autofill Profiles, Autofill, Extensions, Sessions, Extension settings, History Delete Directives, Device Info, User Consents, Send Tab To Self, Web Apps, History, Saved Tab Group, WebAuthn Credentials, Collection, Edge E Drop, Edge Hub App Usage, Edge Wallet, Encryption Keys, reason: 5, current state: 1
2025-09-28 19:50:38.393: [INFO][SyncEngineBackend::DoStartConfiguration] Start configuration
2025-09-28 19:50:38.394: [INFO][SyncManagerImpl::NudgeForInitialDownload] Initial download nudge for Bookmarks
2025-09-28 19:50:38.394: [INFO][SyncManagerImpl::NudgeForInitialDownload] Initial download nudge for Preferences
2025-09-28 19:50:38.394: [INFO][SyncManagerImpl::NudgeForInitialDownload] Initial download nudge for Extensions
2025-09-28 19:50:38.394: [INFO][SyncManagerImpl::NudgeForInitialDownload] Initial download nudge for Sessions
2025-09-28 19:50:38.394: [INFO][SyncManagerImpl::NudgeForInitialDownload] Initial download nudge for Extension settings
2025-09-28 19:50:38.394: [INFO][SyncManagerImpl::NudgeForInitialDownload] Initial download nudge for History Delete Directives
2025-09-28 19:50:38.394: [INFO][SyncManagerImpl::NudgeForInitialDownload] Initial download nudge for Device Info
2025-09-28 19:50:38.394: [INFO][SyncManagerImpl::NudgeForInitialDownload] Initial download nudge for Send Tab To Self
2025-09-28 19:50:38.394: [INFO][SyncManagerImpl::NudgeForInitialDownload] Initial download nudge for Web Apps
2025-09-28 19:50:38.394: [INFO][SyncManagerImpl::NudgeForInitialDownload] Initial download nudge for History
2025-09-28 19:50:38.394: [INFO][SyncManagerImpl::NudgeForInitialDownload] Initial download nudge for Saved Tab Group
2025-09-28 19:50:38.394: [INFO][SyncManagerImpl::NudgeForInitialDownload] Initial download nudge for WebAuthn Credentials
2025-09-28 19:50:38.394: [INFO][SyncManagerImpl::NudgeForInitialDownload] Initial download nudge for Collection
2025-09-28 19:50:38.394: [INFO][SyncManagerImpl::NudgeForInitialDownload] Initial download nudge for Edge E Drop
2025-09-28 19:50:38.394: [INFO][SyncManagerImpl::NudgeForInitialDownload] Initial download nudge for Edge Hub App Usage
2025-09-28 19:50:38.394: [INFO][SyncManagerImpl::NudgeForInitialDownload] Initial download nudge for Edge Wallet
2025-09-28 19:50:38.394: [INFO][SyncManagerImpl::ConfigureSyncer] Types to download:  with reason: 3
2025-09-28 19:50:38.394: [INFO][SyncEngineBackend::DoFinishConfigureDataTypes] Failed to download types:  and succeeded types: 
2025-09-28 19:50:38.399: [INFO][Sync] ConfigurationDone, failed: , succeeded: , remaining count: 4
2025-09-28 19:50:38.399: [WARN][Sync]     Reconfigure requested while configuration ongoing.
2025-09-28 19:50:38.399: [INFO][Sync] Configuring for: Bookmarks, Preferences, Passwords, Autofill Profiles, Autofill, Extensions, Sessions, Extension settings, History Delete Directives, Device Info, User Consents, Send Tab To Self, Web Apps, History, Saved Tab Group, WebAuthn Credentials, Collection, Edge E Drop, Edge Hub App Usage, Edge Wallet, Encryption Keys, reason: 5, current state: 2
2025-09-28 19:50:38.399: [INFO][Sync] Configure, desired: Bookmarks, Preferences, Passwords, Autofill Profiles, Autofill, Extensions, Sessions, Extension settings, History Delete Directives, Device Info, User Consents, Send Tab To Self, Web Apps, History, Saved Tab Group, WebAuthn Credentials, Collection, Edge E Drop, Edge Hub App Usage, Edge Wallet, Encryption Keys; Allow fail: 
2025-09-28 19:50:38.399: [INFO][Sync] Loading: Passwords
2025-09-28 19:50:38.399: [INFO][Sync] Loading: Autofill Profiles
2025-09-28 19:50:38.399: [INFO][Sync] Loading: Autofill
2025-09-28 19:50:38.399: [INFO][Sync] All data types are ready for configure.
2025-09-28 19:50:38.399: [INFO][SyncManagerImpl::NudgeForInitialDownload] Initial download nudge for Passwords
2025-09-28 19:50:38.399: [INFO][SyncManagerImpl::NudgeForInitialDownload] Initial download nudge for Autofill Profiles
2025-09-28 19:50:38.399: [INFO][SyncManagerImpl::NudgeForInitialDownload] Initial download nudge for Autofill
2025-09-28 19:50:38.399: [INFO][SyncManagerImpl::ConfigureSyncer] Types to download:  with reason: 5
2025-09-28 19:50:38.399: [INFO][SyncEngineBackend::DoFinishConfigureDataTypes] Failed to download types:  and succeeded types: 
2025-09-28 19:50:38.400: [INFO][Sync] ConfigurationDone, failed: , succeeded: , remaining count: 4
2025-09-28 19:50:38.400: [INFO][Sync] Prepare to configure types: Preferences, Passwords, Device Info, Send Tab To Self, Edge E Drop, Encryption Keys
2025-09-28 19:50:38.400: [INFO][SyncManagerImpl::ConfigureSyncer] Types to download: Preferences, Passwords, Device Info, Send Tab To Self, Edge E Drop, Encryption Keys with reason: 5
2025-09-28 19:50:38.400: [INFO][SyncSchedulerImpl::DoConfigurationSyncCycleJob] Blocked types:  and types to download: Preferences, Passwords, Device Info, Send Tab To Self, Edge E Drop, Encryption Keys
2025-09-28 19:50:39.129: [INFO][SyncEngineBackend::DoFinishConfigureDataTypes] Failed to download types:  and succeeded types: Preferences, Passwords, Device Info, Send Tab To Self, Edge E Drop, Encryption Keys
2025-09-28 19:50:39.147: [INFO][Sync] ConfigurationDone, failed: , succeeded: Preferences, Passwords, Device Info, Send Tab To Self, Edge E Drop, Encryption Keys, remaining count: 3
2025-09-28 19:50:39.147: [INFO][Sync] Prepare to configure types: Bookmarks, Encryption Keys
2025-09-28 19:50:39.147: [INFO][SyncManagerImpl::ConfigureSyncer] Types to download: Bookmarks, Encryption Keys with reason: 5
2025-09-28 19:50:39.147: [INFO][SyncSchedulerImpl::DoConfigurationSyncCycleJob] Blocked types:  and types to download: Bookmarks, Encryption Keys
2025-09-28 19:50:39.565: [INFO][SyncEngineBackend::DoFinishConfigureDataTypes] Failed to download types:  and succeeded types: Bookmarks, Encryption Keys
2025-09-28 19:50:41.426: [INFO][Sync] ConfigurationDone, failed: , succeeded: Bookmarks, Encryption Keys, remaining count: 2
2025-09-28 19:50:41.426: [INFO][Sync] Prepare to configure types: Autofill Profiles, Autofill, Extensions, Sessions, Extension settings, History Delete Directives, Web Apps, Saved Tab Group, WebAuthn Credentials, Collection, Edge Hub App Usage, Edge Wallet, Encryption Keys
2025-09-28 19:50:41.426: [INFO][SyncManagerImpl::ConfigureSyncer] Types to download: Autofill Profiles, Autofill, Extensions, Sessions, Extension settings, History Delete Directives, Web Apps, Saved Tab Group, WebAuthn Credentials, Collection, Edge Hub App Usage, Edge Wallet, Encryption Keys with reason: 5
2025-09-28 19:50:41.426: [INFO][SyncSchedulerImpl::DoConfigurationSyncCycleJob] Blocked types:  and types to download: Autofill Profiles, Autofill, Extensions, Sessions, Extension settings, History Delete Directives, Web Apps, Saved Tab Group, WebAuthn Credentials, Collection, Edge Hub App Usage, Edge Wallet, Encryption Keys
2025-09-28 19:50:41.711: [INFO][SyncEngineBackend::DoFinishConfigureDataTypes] Failed to download types:  and succeeded types: Autofill Profiles, Autofill, Extensions, Sessions, Extension settings, History Delete Directives, Web Apps, Saved Tab Group, WebAuthn Credentials, Collection, Edge Hub App Usage, Edge Wallet, Encryption Keys
2025-09-28 19:50:41.724: [INFO][Sync] ConfigurationDone, failed: , succeeded: Autofill Profiles, Autofill, Extensions, Sessions, Extension settings, History Delete Directives, Web Apps, Saved Tab Group, WebAuthn Credentials, Collection, Edge Hub App Usage, Edge Wallet, Encryption Keys, remaining count: 1
2025-09-28 19:50:41.726: [INFO][Sync] Prepare to configure types: History, Encryption Keys
2025-09-28 19:50:41.726: [INFO][SyncManagerImpl::ConfigureSyncer] Types to download: History, Encryption Keys with reason: 5
2025-09-28 19:50:41.726: [INFO][SyncSchedulerImpl::DoConfigurationSyncCycleJob] Blocked types:  and types to download: History, Encryption Keys
2025-09-28 19:50:41.961: [INFO][SyncEngineBackend::DoFinishConfigureDataTypes] Failed to download types:  and succeeded types: History, Encryption Keys
2025-09-28 19:50:41.962: [INFO][Sync] ConfigurationDone, failed: , succeeded: History, Encryption Keys, remaining count: 0
2025-09-28 19:50:41.964: [INFO][Sync]     Configuration completed, state: 7
2025-09-28 19:50:41.965: [INFO][Sync] Configured DataTypeManager: Ok
2025-09-28 19:50:41.969: [INFO][SyncEngineBackend::DoStartSyncing] Start syncing
2025-09-28 19:52:22.223: [INFO][Sync] SyncState after authenticated was: FeatureCanStart
2025-09-28 19:52:23.940: [INFO][SyncAuthManager::SetLastAuthError] Current auth error: None
2025-09-28 19:52:23.940: [INFO][SyncAuthManager::EdgeLogTokenErrorState] Token error with: None for account type: MSA
2025-09-28 19:52:23.940: [INFO][Sync] Credentials changed for: EdgeSyncKeyDataScope
2025-09-28 19:52:32.889: [INFO][Sync] Try to start sync engine
2025-09-28 19:52:32.975: [INFO][SyncManagerImpl::NudgeForInitialDownload] Initial download nudge for Encryption Keys
2025-09-28 19:52:32.975: [INFO][SyncEngineBackend::LoadAndConnectNigoriController] Load and connect Nigori controller
2025-09-28 19:52:32.975: [INFO][SyncEngineBackend::DoInitialize] Control Types added: Encryption Keys
2025-09-28 19:52:32.975: [INFO][SyncManagerImpl::ConfigureSyncer] Types to download: Encryption Keys with reason: 3
2025-09-28 19:52:32.978: [INFO][SyncEngineBackend::DoUpdateKeyDataCredentials] Update key data credentials
2025-09-28 19:52:32.981: [INFO][SyncSchedulerImpl::DoConfigurationSyncCycleJob] Configure job was blocked
2025-09-28 19:52:32.994: [INFO][SyncAuthManager::SetLastAuthError] Current auth error: None
2025-09-28 19:52:32.994: [INFO][SyncAuthManager::EdgeLogTokenErrorState] Token error with: None for account type: MSA
2025-09-28 19:52:32.994: [INFO][Sync] Credentials changed for: EdgeSyncScopeNew
2025-09-28 19:52:32.994: [INFO][SyncEngineBackend::DoUpdateCredentials] Update credentials
2025-09-28 19:52:32.995: [INFO][SyncEngineBackend::DoUpdateKeyDataCredentials] Update key data credentials
2025-09-28 19:52:32.995: [INFO][SyncSchedulerImpl::DoConfigurationSyncCycleJob] Blocked types:  and types to download: Encryption Keys
2025-09-28 19:52:37.148: [INFO][Sync] Started DataTypeManager configuration, reason: 4
2025-09-28 19:52:37.148: [INFO][Sync] Configuring for: Bookmarks, Preferences, Passwords, Autofill Profiles, Autofill, Extensions, Sessions, Extension settings, History Delete Directives, Device Info, User Consents, Send Tab To Self, Web Apps, History, Saved Tab Group, WebAuthn Credentials, Collection, Edge E Drop, Edge Hub App Usage, Edge Wallet, Encryption Keys, reason: 4, current state: 0
2025-09-28 19:52:37.149: [WARN][Sync] Crypto error data types: Passwords, Autofill Profiles, Autofill
2025-09-28 19:52:37.164: [INFO][Sync] Configure, desired: Bookmarks, Preferences, Extensions, Sessions, Extension settings, History Delete Directives, Device Info, User Consents, Send Tab To Self, Web Apps, History, Saved Tab Group, WebAuthn Credentials, Collection, Edge E Drop, Edge Hub App Usage, Edge Wallet, Encryption Keys; Allow fail: Passwords, Autofill Profiles, Autofill
2025-09-28 19:52:37.169: [INFO][Sync] Loading: Bookmarks
2025-09-28 19:52:37.169: [INFO][Sync] Loading: Preferences
2025-09-28 19:52:37.169: [INFO][Sync] Loading: Extensions
2025-09-28 19:52:37.172: [INFO][Sync] Loading: Sessions
2025-09-28 19:52:37.174: [INFO][Sync] Loading: Extension settings
2025-09-28 19:52:37.174: [INFO][Sync] Loading: History Delete Directives
2025-09-28 19:52:37.176: [INFO][Sync] Loading: Device Info
2025-09-28 19:52:37.176: [INFO][Sync] Loading: User Consents
2025-09-28 19:52:37.176: [INFO][Sync] Loading: Send Tab To Self
2025-09-28 19:52:37.176: [INFO][Sync] Loading: Web Apps
2025-09-28 19:52:37.176: [INFO][Sync] Loading: History
2025-09-28 19:52:37.178: [INFO][Sync] Loading: Saved Tab Group
2025-09-28 19:52:37.180: [INFO][Sync] Loading: WebAuthn Credentials
2025-09-28 19:52:37.180: [INFO][Sync] Loading: Collection
2025-09-28 19:52:37.180: [INFO][Sync] Loading: Edge E Drop
2025-09-28 19:52:37.180: [INFO][Sync] Loading: Edge Hub App Usage
2025-09-28 19:52:37.180: [INFO][Sync] Loading: Edge Wallet
2025-09-28 19:52:37.243: [INFO][Sync] All data types are ready for configure.
2025-09-28 19:52:37.486: [INFO][Sync] Started DataTypeManager configuration, reason: 5
2025-09-28 19:52:37.486: [INFO][Sync] Configuring for: Bookmarks, Preferences, Passwords, Autofill Profiles, Autofill, Extensions, Sessions, Extension settings, History Delete Directives, Device Info, User Consents, Send Tab To Self, Web Apps, History, Saved Tab Group, WebAuthn Credentials, Collection, Edge E Drop, Edge Hub App Usage, Edge Wallet, Encryption Keys, reason: 5, current state: 1
2025-09-28 19:52:37.488: [INFO][SyncEngineBackend::DoStartConfiguration] Start configuration
2025-09-28 19:52:37.489: [INFO][SyncManagerImpl::ConfigureSyncer] Types to download:  with reason: 4
2025-09-28 19:52:37.489: [INFO][SyncEngineBackend::DoFinishConfigureDataTypes] Failed to download types:  and succeeded types: 
2025-09-28 19:52:37.492: [INFO][Sync] ConfigurationDone, failed: , succeeded: , remaining count: 4
2025-09-28 19:52:37.492: [WARN][Sync]     Reconfigure requested while configuration ongoing.
2025-09-28 19:52:37.492: [INFO][Sync] Configuring for: Bookmarks, Preferences, Passwords, Autofill Profiles, Autofill, Extensions, Sessions, Extension settings, History Delete Directives, Device Info, User Consents, Send Tab To Self, Web Apps, History, Saved Tab Group, WebAuthn Credentials, Collection, Edge E Drop, Edge Hub App Usage, Edge Wallet, Encryption Keys, reason: 5, current state: 2
2025-09-28 19:52:37.492: [INFO][Sync] Configure, desired: Bookmarks, Preferences, Passwords, Autofill Profiles, Autofill, Extensions, Sessions, Extension settings, History Delete Directives, Device Info, User Consents, Send Tab To Self, Web Apps, History, Saved Tab Group, WebAuthn Credentials, Collection, Edge E Drop, Edge Hub App Usage, Edge Wallet, Encryption Keys; Allow fail: 
2025-09-28 19:52:37.492: [INFO][Sync] Loading: Passwords
2025-09-28 19:52:37.492: [INFO][Sync] Loading: Autofill Profiles
2025-09-28 19:52:37.492: [INFO][Sync] Loading: Autofill
2025-09-28 19:52:37.499: [INFO][Sync] All data types are ready for configure.
2025-09-28 19:52:37.500: [INFO][SyncManagerImpl::ConfigureSyncer] Types to download:  with reason: 5
2025-09-28 19:52:37.500: [INFO][SyncEngineBackend::DoFinishConfigureDataTypes] Failed to download types:  and succeeded types: 
2025-09-28 19:52:37.501: [INFO][Sync] ConfigurationDone, failed: , succeeded: , remaining count: 4
2025-09-28 19:52:37.501: [INFO][SyncManagerImpl::ConfigureSyncer] Types to download:  with reason: 5
2025-09-28 19:52:37.501: [INFO][SyncEngineBackend::DoFinishConfigureDataTypes] Failed to download types:  and succeeded types: 
2025-09-28 19:52:37.501: [INFO][Sync] ConfigurationDone, failed: , succeeded: , remaining count: 3
2025-09-28 19:52:37.501: [INFO][SyncManagerImpl::ConfigureSyncer] Types to download:  with reason: 5
2025-09-28 19:52:37.501: [INFO][SyncEngineBackend::DoFinishConfigureDataTypes] Failed to download types:  and succeeded types: 
2025-09-28 19:52:37.501: [INFO][Sync] ConfigurationDone, failed: , succeeded: , remaining count: 2
2025-09-28 19:52:37.501: [INFO][SyncManagerImpl::ConfigureSyncer] Types to download:  with reason: 5
2025-09-28 19:52:37.501: [INFO][SyncEngineBackend::DoFinishConfigureDataTypes] Failed to download types:  and succeeded types: 
2025-09-28 19:52:37.501: [INFO][Sync] ConfigurationDone, failed: , succeeded: , remaining count: 1
2025-09-28 19:52:37.503: [INFO][SyncManagerImpl::ConfigureSyncer] Types to download:  with reason: 5
2025-09-28 19:52:37.503: [INFO][SyncEngineBackend::DoFinishConfigureDataTypes] Failed to download types:  and succeeded types: 
2025-09-28 19:52:37.504: [INFO][Sync] ConfigurationDone, failed: , succeeded: , remaining count: 0
2025-09-28 19:52:37.506: [INFO][Sync]     Configuration completed, state: 7
2025-09-28 19:52:37.509: [INFO][Sync] Configured DataTypeManager: Ok
2025-09-28 19:52:37.515: [INFO][SyncEngineBackend::DoStartSyncing] Start syncing
2025-09-28 19:57:19.159: [INFO][Sync] Reset engine, reason: 0
2025-09-28 19:57:19.160: [INFO][Sync] Reset engine with reason: 0
2025-09-29 14:10:17.075: [INFO][Sync] SyncState after authenticated was: FeatureCanStart
2025-09-29 14:10:17.310: [INFO][SyncAuthManager::EdgeLogTokenErrorState] Token error with: EDGE_AUTH_ERROR: 6, 2, 0 for account type: MSA
2025-09-29 14:10:17.310: [INFO][Sync] Credentials changed for: EdgeSyncKeyDataScope
2025-09-29 14:10:17.327: [INFO][SyncAuthManager::EdgeLogTokenErrorState] Token error with: EDGE_AUTH_ERROR: 6, 2, 0 for account type: MSA
2025-09-29 14:10:17.327: [INFO][Sync] Credentials changed for: EdgeSyncKeyDataScope
2025-09-29 14:10:19.056: [INFO][SyncAuthManager::EdgeLogTokenErrorState] Token error with: EDGE_AUTH_ERROR: 6, 2, 0 for account type: MSA
2025-09-29 14:10:19.056: [INFO][Sync] Credentials changed for: EdgeSyncKeyDataScope
2025-09-29 14:10:22.121: [INFO][Sync] Try to start sync engine
2025-09-29 14:10:22.144: [INFO][SyncManagerImpl::NudgeForInitialDownload] Initial download nudge for Encryption Keys
2025-09-29 14:10:22.144: [INFO][SyncEngineBackend::LoadAndConnectNigoriController] Load and connect Nigori controller
2025-09-29 14:10:22.144: [INFO][SyncEngineBackend::DoInitialize] Control Types added: Encryption Keys
2025-09-29 14:10:22.144: [INFO][SyncManagerImpl::ConfigureSyncer] Types to download: Encryption Keys with reason: 3
2025-09-29 14:10:22.144: [INFO][SyncSchedulerImpl::DoConfigurationSyncCycleJob] Configure job was blocked
2025-09-29 14:10:22.157: [INFO][SyncAuthManager::EdgeLogTokenErrorState] Token error with: EDGE_AUTH_ERROR: 6, 2, 0 for account type: MSA
2025-09-29 14:10:22.157: [INFO][Sync] Credentials changed for: EdgeSyncScopeNew
2025-09-29 14:10:22.157: [WARN][Sync]    Token is empty
2025-09-29 14:10:22.158: [INFO][Sync] Connection status changed to: 2
2025-09-29 14:10:22.176: [INFO][SyncAuthManager::EdgeLogTokenErrorState] Token error with: EDGE_AUTH_ERROR: 6, 2, 0 for account type: MSA
2025-09-29 14:10:22.176: [INFO][Sync] Credentials changed for: EdgeSyncScopeNew
2025-09-29 14:10:22.176: [WARN][Sync]    Token is empty
2025-09-29 14:10:22.177: [INFO][Sync] Connection status changed to: 2
2025-09-29 14:10:22.338: [INFO][SyncAuthManager::EdgeLogTokenErrorState] Token error with: EDGE_AUTH_ERROR: 6, 2, 0 for account type: MSA
2025-09-29 14:10:22.338: [INFO][Sync] Credentials changed for: EdgeSyncKeyDataScope
2025-09-29 14:10:23.871: [INFO][SyncAuthManager::EdgeLogTokenErrorState] Token error with: EDGE_AUTH_ERROR: 6, 2, 0 for account type: MSA
2025-09-29 14:10:23.871: [INFO][Sync] Credentials changed for: EdgeSyncScopeNew
2025-09-29 14:10:23.871: [WARN][Sync]    Token is empty
2025-09-29 14:10:23.872: [INFO][Sync] Connection status changed to: 2
2025-09-29 14:10:27.831: [INFO][SyncAuthManager::EdgeLogTokenErrorState] Token error with: EDGE_AUTH_ERROR: 6, 2, 0 for account type: MSA
2025-09-29 14:10:27.831: [INFO][Sync] Credentials changed for: EdgeSyncScopeNew
2025-09-29 14:10:27.831: [WARN][Sync]    Token is empty
2025-09-29 14:10:27.832: [INFO][Sync] Connection status changed to: 2
2025-09-29 14:10:28.837: [INFO][SyncAuthManager::EdgeLogTokenErrorState] Token error with: EDGE_AUTH_ERROR: 6, 2, 0 for account type: MSA
2025-09-29 14:10:28.837: [INFO][Sync] Credentials changed for: EdgeSyncKeyDataScope
2025-09-29 14:10:34.814: [INFO][SyncAuthManager::EdgeLogTokenErrorState] Token error with: EDGE_AUTH_ERROR: 6, 2, 0 for account type: MSA
2025-09-29 14:10:34.814: [INFO][Sync] Credentials changed for: EdgeSyncScopeNew
2025-09-29 14:10:34.814: [WARN][Sync]    Token is empty
2025-09-29 14:10:34.815: [INFO][Sync] Connection status changed to: 2
2025-09-29 14:10:42.590: [INFO][SyncAuthManager::EdgeLogTokenErrorState] Token error with: EDGE_AUTH_ERROR: 6, 2, 0 for account type: MSA
2025-09-29 14:10:42.590: [INFO][Sync] Credentials changed for: EdgeSyncKeyDataScope
2025-09-29 14:10:50.514: [INFO][SyncAuthManager::EdgeLogTokenErrorState] Token error with: EDGE_AUTH_ERROR: 6, 2, 0 for account type: MSA
2025-09-29 14:10:50.514: [INFO][Sync] Credentials changed for: EdgeSyncScopeNew
2025-09-29 14:10:50.514: [WARN][Sync]    Token is empty
2025-09-29 14:10:50.515: [INFO][Sync] Connection status changed to: 2
2025-09-29 14:11:06.626: [INFO][Sync] Reset engine, reason: 0
2025-09-29 14:11:06.626: [INFO][Sync] Reset engine with reason: 0
2025-09-29 18:41:28.395: [INFO][Sync] SyncState after authenticated was: FeatureCanStart
2025-09-29 18:41:28.673: [INFO][SyncAuthManager::EdgeLogTokenErrorState] Token error with: EDGE_AUTH_ERROR: 6, 2, 0 for account type: MSA
2025-09-29 18:41:28.673: [INFO][Sync] Credentials changed for: EdgeSyncKeyDataScope
2025-09-29 18:41:28.709: [INFO][SyncAuthManager::EdgeLogTokenErrorState] Token error with: EDGE_AUTH_ERROR: 6, 2, 0 for account type: MSA
2025-09-29 18:41:28.709: [INFO][Sync] Credentials changed for: EdgeSyncKeyDataScope
2025-09-29 18:41:30.565: [INFO][SyncAuthManager::EdgeLogTokenErrorState] Token error with: EDGE_AUTH_ERROR: 6, 2, 0 for account type: MSA
2025-09-29 18:41:30.565: [INFO][Sync] Credentials changed for: EdgeSyncKeyDataScope
2025-09-29 18:41:34.383: [INFO][SyncAuthManager::EdgeLogTokenErrorState] Token error with: EDGE_AUTH_ERROR: 6, 2, 0 for account type: MSA
2025-09-29 18:41:34.383: [INFO][Sync] Credentials changed for: EdgeSyncKeyDataScope
2025-09-29 18:41:36.065: [INFO][Sync] Try to start sync engine
2025-09-29 18:41:36.066: [INFO][SyncManagerImpl::NudgeForInitialDownload] Initial download nudge for Encryption Keys
2025-09-29 18:41:36.066: [INFO][SyncEngineBackend::LoadAndConnectNigoriController] Load and connect Nigori controller
2025-09-29 18:41:36.066: [INFO][SyncEngineBackend::DoInitialize] Control Types added: Encryption Keys
2025-09-29 18:41:36.066: [INFO][SyncManagerImpl::ConfigureSyncer] Types to download: Encryption Keys with reason: 3
2025-09-29 18:41:36.066: [INFO][SyncSchedulerImpl::DoConfigurationSyncCycleJob] Configure job was blocked
2025-09-29 18:41:36.083: [INFO][SyncAuthManager::EdgeLogTokenErrorState] Token error with: EDGE_AUTH_ERROR: 6, 2, 0 for account type: MSA
2025-09-29 18:41:36.083: [INFO][Sync] Credentials changed for: EdgeSyncScopeNew
2025-09-29 18:41:36.083: [WARN][Sync]    Token is empty
2025-09-29 18:41:36.083: [INFO][Sync] Connection status changed to: 2
2025-09-29 18:41:36.103: [INFO][SyncAuthManager::EdgeLogTokenErrorState] Token error with: EDGE_AUTH_ERROR: 6, 2, 0 for account type: MSA
2025-09-29 18:41:36.103: [INFO][Sync] Credentials changed for: EdgeSyncScopeNew
2025-09-29 18:41:36.103: [WARN][Sync]    Token is empty
2025-09-29 18:41:36.103: [INFO][Sync] Connection status changed to: 2
2025-09-29 18:41:38.043: [INFO][SyncAuthManager::EdgeLogTokenErrorState] Token error with: EDGE_AUTH_ERROR: 6, 2, 0 for account type: MSA
2025-09-29 18:41:38.043: [INFO][Sync] Credentials changed for: EdgeSyncScopeNew
2025-09-29 18:41:38.043: [WARN][Sync]    Token is empty
2025-09-29 18:41:38.044: [INFO][Sync] Connection status changed to: 2
2025-09-29 18:41:41.052: [INFO][SyncAuthManager::EdgeLogTokenErrorState] Token error with: EDGE_AUTH_ERROR: 6, 2, 0 for account type: MSA
2025-09-29 18:41:41.052: [INFO][Sync] Credentials changed for: EdgeSyncKeyDataScope
2025-09-29 18:41:41.728: [INFO][SyncAuthManager::EdgeLogTokenErrorState] Token error with: EDGE_AUTH_ERROR: 6, 2, 0 for account type: MSA
2025-09-29 18:41:41.728: [INFO][Sync] Credentials changed for: EdgeSyncScopeNew
2025-09-29 18:41:41.728: [WARN][Sync]    Token is empty
2025-09-29 18:41:41.729: [INFO][Sync] Connection status changed to: 2
2025-09-29 18:41:48.344: [INFO][SyncAuthManager::EdgeLogTokenErrorState] Token error with: EDGE_AUTH_ERROR: 6, 2, 0 for account type: MSA
2025-09-29 18:41:48.344: [INFO][Sync] Credentials changed for: EdgeSyncScopeNew
2025-09-29 18:41:48.344: [WARN][Sync]    Token is empty
2025-09-29 18:41:48.344: [INFO][Sync] Connection status changed to: 2
2025-09-29 18:41:54.989: [INFO][SyncAuthManager::EdgeLogTokenErrorState] Token error with: EDGE_AUTH_ERROR: 6, 2, 0 for account type: MSA
2025-09-29 18:41:54.989: [INFO][Sync] Credentials changed for: EdgeSyncKeyDataScope
2025-09-29 18:42:04.120: [INFO][SyncAuthManager::EdgeLogTokenErrorState] Token error with: EDGE_AUTH_ERROR: 6, 2, 0 for account type: MSA
2025-09-29 18:42:04.120: [INFO][Sync] Credentials changed for: EdgeSyncScopeNew
2025-09-29 18:42:04.120: [WARN][Sync]    Token is empty
2025-09-29 18:42:04.120: [INFO][Sync] Connection status changed to: 2
2025-09-29 18:42:22.926: [INFO][SyncAuthManager::EdgeLogTokenErrorState] Token error with: EDGE_AUTH_ERROR: 6, 2, 0 for account type: MSA
2025-09-29 18:42:22.926: [INFO][Sync] Credentials changed for: EdgeSyncKeyDataScope
2025-09-29 18:42:31.216: [INFO][SyncAuthManager::EdgeLogTokenErrorState] Token error with: EDGE_AUTH_ERROR: 6, 2, 0 for account type: MSA
2025-09-29 18:42:31.216: [INFO][Sync] Credentials changed for: EdgeSyncScopeNew
2025-09-29 18:42:31.216: [WARN][Sync]    Token is empty
2025-09-29 18:42:31.216: [INFO][Sync] Connection status changed to: 2
2025-09-29 18:43:20.465: [INFO][SyncAuthManager::EdgeLogTokenErrorState] Token error with: EDGE_AUTH_ERROR: 6, 2, 0 for account type: MSA
2025-09-29 18:43:20.465: [INFO][Sync] Credentials changed for: EdgeSyncKeyDataScope
2025-09-29 18:43:29.430: [INFO][Sync] Reset engine, reason: 0
2025-09-29 18:43:29.430: [INFO][Sync] Reset engine with reason: 0
