2025-09-28 19:50:22.147: [INFO] VisibilityChanged: 0
2025-09-28 19:50:22.429: [INFO] RecordSyncInitDuration has_sync_been_enabled: 0 state: 0
2025-09-28 19:50:22.430: [INFO] RecordSyncInitDuration has_sync_been_enabled: 0 state: 0
2025-09-28 19:50:22.431: [INFO] RecordSyncInitDuration has_sync_been_enabled: 0 state: 0
2025-09-28 19:50:22.432: [INFO] RecordSyncInitDuration has_sync_been_enabled: 0 state: 0
2025-09-28 19:50:22.433: [INFO] RecordSyncInitDuration has_sync_been_enabled: 0 state: 0
2025-09-28 19:50:22.434: [INFO] RecordSyncInitDuration has_sync_been_enabled: 0 state: 0
2025-09-28 19:50:22.435: [INFO] RecordSyncInitDuration has_sync_been_enabled: 0 state: 0
2025-09-28 19:50:22.436: [INFO] RecordSyncInitDuration has_sync_been_enabled: 0 state: 0
2025-09-28 19:50:22.437: [INFO] RecordSyncInitDuration has_sync_been_enabled: 0 state: 0
2025-09-28 19:50:22.438: [INFO] RecordSyncInitDuration has_sync_been_enabled: 0 state: 0
2025-09-28 19:50:22.439: [INFO] RecordSyncInitDuration has_sync_been_enabled: 0 state: 0
2025-09-28 19:50:22.513: [INFO] BookmarkModelLoaded, ids_reassigned: 0
2025-09-28 19:50:22.513: [INFO] OnDoneLoading sync enabled: 0
2025-09-28 19:50:22.533: [INFO] RecordSyncInitDuration has_sync_been_enabled: 0 state: 0
2025-09-28 19:50:35.474: [INFO] RecordSyncInitDuration has_sync_been_enabled: 0 state: 3
2025-09-28 19:50:35.514: [INFO] Primary account changed.
2025-09-28 19:50:35.514: [INFO] OnPrimaryAccountChanged PrimaryAccountChangeEvent::Type::kSet
2025-09-28 19:50:35.523: [INFO] RecordSyncInitDuration has_sync_been_enabled: 0 state: 3
2025-09-28 19:50:35.652: [INFO] RecordSyncInitDuration has_sync_been_enabled: 0 state: 3
2025-09-28 19:50:41.726: [INFO] Sync initialization duration: 5824ms
2025-09-28 19:52:22.533: [INFO] VisibilityChanged: 0
2025-09-28 19:52:22.676: [INFO] BookmarkModelLoaded, ids_reassigned: 0
2025-09-28 19:52:22.676: [INFO] OnDoneLoading sync enabled: 1
2025-09-28 19:52:37.503: [INFO] Sync initialization duration: 4492ms
2025-09-29 14:10:17.177: [INFO] VisibilityChanged: 0
2025-09-29 14:10:17.222: [INFO] BookmarkModelLoaded, ids_reassigned: 0
2025-09-29 14:10:17.222: [INFO] OnDoneLoading sync enabled: 1
2025-09-29 18:41:28.499: [INFO] VisibilityChanged: 0
2025-09-29 18:41:28.557: [INFO] BookmarkModelLoaded, ids_reassigned: 0
2025-09-29 18:41:28.557: [INFO] OnDoneLoading sync enabled: 1
